android/app/build/intermediates/manifest_merge_blame_file/debug/processDebugMainManifest/manifest-merger-blame-debug-report.txt
1<?xml version="1.0" encoding="utf-8"?>
2<manifest xmlns:android="http://schemas.android.com/apk/res/android"
3    package="com.example.ai_running_companion"
4    android:versionCode="1"
5    android:versionName="1.0" >
6
7    <uses-sdk
8        android:minSdkVersion="26"
9        android:targetSdkVersion="34" />
10
11    <uses-permission android:name="android.permission.ACCESS_FINE_LOCATION" />
11-->src\main\AndroidManifest.xml:4:3-77
11-->src\main\AndroidManifest.xml:4:20-74
12    <uses-permission android:name="android.permission.ACCESS_COARSE_LOCATION" />
12-->src\main\AndroidManifest.xml:5:3-79
12-->src\main\AndroidManifest.xml:5:20-76
13    <uses-permission android:name="android.permission.INTERNET" />
13-->src\main\AndroidManifest.xml:6:3-65
13-->src\main\AndroidManifest.xml:6:20-62
14    <uses-permission android:name="android.permission.RECORD_AUDIO" />
14-->src\main\AndroidManifest.xml:7:3-69
14-->src\main\AndroidManifest.xml:7:20-66
15    <uses-permission android:name="android.permission.FOREGROUND_SERVICE" />
15-->src\main\AndroidManifest.xml:8:3-75
15-->src\main\AndroidManifest.xml:8:20-72
16
17    <!-- Include required permissions for Google Maps API to run. -->
18    <uses-permission android:name="android.permission.ACCESS_NETWORK_STATE" />
18-->[com.google.android.gms:play-services-maps:18.2.0] AndroidManifest.xml:23:5-79
18-->[com.google.android.gms:play-services-maps:18.2.0] AndroidManifest.xml:23:22-76
19
20    <uses-feature
20-->[com.google.android.gms:play-services-maps:18.2.0] AndroidManifest.xml:26:5-28:35
21        android:glEsVersion="0x00020000"
21-->[com.google.android.gms:play-services-maps:18.2.0] AndroidManifest.xml:27:9-41
22        android:required="true" />
22-->[com.google.android.gms:play-services-maps:18.2.0] AndroidManifest.xml:28:9-32
23
24    <queries>
24-->[com.google.android.gms:play-services-maps:18.2.0] AndroidManifest.xml:30:5-34:15
25
26        <!-- Needs to be explicitly declared on Android R+ -->
27        <package android:name="com.google.android.apps.maps" />
27-->[com.google.android.gms:play-services-maps:18.2.0] AndroidManifest.xml:33:9-64
27-->[com.google.android.gms:play-services-maps:18.2.0] AndroidManifest.xml:33:18-61
28    </queries>
29
30    <permission
30-->[androidx.core:core:1.13.0] AndroidManifest.xml:22:5-24:47
31        android:name="com.example.ai_running_companion.DYNAMIC_RECEIVER_NOT_EXPORTED_PERMISSION"
31-->[androidx.core:core:1.13.0] AndroidManifest.xml:23:9-81
32        android:protectionLevel="signature" />
32-->[androidx.core:core:1.13.0] AndroidManifest.xml:24:9-44
33
34    <uses-permission android:name="com.example.ai_running_companion.DYNAMIC_RECEIVER_NOT_EXPORTED_PERMISSION" />
34-->[androidx.core:core:1.13.0] AndroidManifest.xml:26:5-97
34-->[androidx.core:core:1.13.0] AndroidManifest.xml:26:22-94
35
36    <application
36-->src\main\AndroidManifest.xml:10:3-29:17
37        android:allowBackup="true"
37-->src\main\AndroidManifest.xml:13:5-31
38        android:appComponentFactory="androidx.core.app.CoreComponentFactory"
38-->[androidx.core:core:1.13.0] AndroidManifest.xml:28:18-86
39        android:debuggable="true"
40        android:extractNativeLibs="false"
41        android:icon="@mipmap/ic_launcher"
41-->src\main\AndroidManifest.xml:12:5-39
42        android:label="AI Running Companion"
42-->src\main\AndroidManifest.xml:11:5-41
43        android:supportsRtl="true"
43-->src\main\AndroidManifest.xml:14:5-31
44        android:testOnly="true"
45        android:theme="@style/Theme.AIRunningCompanion" >
45-->src\main\AndroidManifest.xml:15:5-52
46
47        <!-- Replace with your Maps API key if using Google Maps -->
48        <meta-data
48-->src\main\AndroidManifest.xml:18:5-20:65
49            android:name="com.google.android.geo.API_KEY"
49-->src\main\AndroidManifest.xml:19:7-52
50            android:value="AIzaSyBnegvxtzKx1UHFVj1LhTQq796o3zG9jIQ" />
50-->src\main\AndroidManifest.xml:20:7-62
51
52        <activity
52-->src\main\AndroidManifest.xml:22:5-28:16
53            android:name="com.example.ai_running_companion.MainActivity"
53-->src\main\AndroidManifest.xml:22:15-43
54            android:exported="true" >
54-->src\main\AndroidManifest.xml:23:7-30
55            <intent-filter>
55-->src\main\AndroidManifest.xml:24:7-27:23
56                <action android:name="android.intent.action.MAIN" />
56-->src\main\AndroidManifest.xml:25:9-61
56-->src\main\AndroidManifest.xml:25:17-58
57
58                <category android:name="android.intent.category.LAUNCHER" />
58-->src\main\AndroidManifest.xml:26:9-69
58-->src\main\AndroidManifest.xml:26:19-66
59            </intent-filter>
60        </activity>
61        <!-- Needs to be explicitly declared on P+ -->
62        <uses-library
62-->[com.google.android.gms:play-services-maps:18.2.0] AndroidManifest.xml:39:9-41:40
63            android:name="org.apache.http.legacy"
63-->[com.google.android.gms:play-services-maps:18.2.0] AndroidManifest.xml:40:13-50
64            android:required="false" />
64-->[com.google.android.gms:play-services-maps:18.2.0] AndroidManifest.xml:41:13-37
65
66        <activity
66-->[com.google.android.gms:play-services-base:18.1.0] AndroidManifest.xml:20:9-22:45
67            android:name="com.google.android.gms.common.api.GoogleApiActivity"
67-->[com.google.android.gms:play-services-base:18.1.0] AndroidManifest.xml:20:19-85
68            android:exported="false"
68-->[com.google.android.gms:play-services-base:18.1.0] AndroidManifest.xml:22:19-43
69            android:theme="@android:style/Theme.Translucent.NoTitleBar" />
69-->[com.google.android.gms:play-services-base:18.1.0] AndroidManifest.xml:21:19-78
70
71        <meta-data
71-->[com.google.android.gms:play-services-basement:18.1.0] AndroidManifest.xml:21:9-23:69
72            android:name="com.google.android.gms.version"
72-->[com.google.android.gms:play-services-basement:18.1.0] AndroidManifest.xml:22:13-58
73            android:value="@integer/google_play_services_version" />
73-->[com.google.android.gms:play-services-basement:18.1.0] AndroidManifest.xml:23:13-66
74
75        <provider
75-->[androidx.emoji2:emoji2:1.3.0] AndroidManifest.xml:24:9-32:20
76            android:name="androidx.startup.InitializationProvider"
76-->[androidx.emoji2:emoji2:1.3.0] AndroidManifest.xml:25:13-67
77            android:authorities="com.example.ai_running_companion.androidx-startup"
77-->[androidx.emoji2:emoji2:1.3.0] AndroidManifest.xml:26:13-68
78            android:exported="false" >
78-->[androidx.emoji2:emoji2:1.3.0] AndroidManifest.xml:27:13-37
79            <meta-data
79-->[androidx.emoji2:emoji2:1.3.0] AndroidManifest.xml:29:13-31:52
80                android:name="androidx.emoji2.text.EmojiCompatInitializer"
80-->[androidx.emoji2:emoji2:1.3.0] AndroidManifest.xml:30:17-75
81                android:value="androidx.startup" />
81-->[androidx.emoji2:emoji2:1.3.0] AndroidManifest.xml:31:17-49
82            <meta-data
82-->[androidx.lifecycle:lifecycle-process:2.7.0] AndroidManifest.xml:29:13-31:52
83                android:name="androidx.lifecycle.ProcessLifecycleInitializer"
83-->[androidx.lifecycle:lifecycle-process:2.7.0] AndroidManifest.xml:30:17-78
84                android:value="androidx.startup" />
84-->[androidx.lifecycle:lifecycle-process:2.7.0] AndroidManifest.xml:31:17-49
85            <meta-data
85-->[androidx.profileinstaller:profileinstaller:1.3.0] AndroidManifest.xml:29:13-31:52
86                android:name="androidx.profileinstaller.ProfileInstallerInitializer"
86-->[androidx.profileinstaller:profileinstaller:1.3.0] AndroidManifest.xml:30:17-85
87                android:value="androidx.startup" />
87-->[androidx.profileinstaller:profileinstaller:1.3.0] AndroidManifest.xml:31:17-49
88        </provider>
89
90        <activity
90-->[androidx.compose.ui:ui-tooling-android:1.6.7] AndroidManifest.xml:23:9-25:39
91            android:name="androidx.compose.ui.tooling.PreviewActivity"
91-->[androidx.compose.ui:ui-tooling-android:1.6.7] AndroidManifest.xml:24:13-71
92            android:exported="true" />
92-->[androidx.compose.ui:ui-tooling-android:1.6.7] AndroidManifest.xml:25:13-36
93
94        <receiver
94-->[androidx.profileinstaller:profileinstaller:1.3.0] AndroidManifest.xml:34:9-52:20
95            android:name="androidx.profileinstaller.ProfileInstallReceiver"
95-->[androidx.profileinstaller:profileinstaller:1.3.0] AndroidManifest.xml:35:13-76
96            android:directBootAware="false"
96-->[androidx.profileinstaller:profileinstaller:1.3.0] AndroidManifest.xml:36:13-44
97            android:enabled="true"
97-->[androidx.profileinstaller:profileinstaller:1.3.0] AndroidManifest.xml:37:13-35
98            android:exported="true"
98-->[androidx.profileinstaller:profileinstaller:1.3.0] AndroidManifest.xml:38:13-36
99            android:permission="android.permission.DUMP" >
99-->[androidx.profileinstaller:profileinstaller:1.3.0] AndroidManifest.xml:39:13-57
100            <intent-filter>
100-->[androidx.profileinstaller:profileinstaller:1.3.0] AndroidManifest.xml:40:13-42:29
101                <action android:name="androidx.profileinstaller.action.INSTALL_PROFILE" />
101-->[androidx.profileinstaller:profileinstaller:1.3.0] AndroidManifest.xml:41:17-91
101-->[androidx.profileinstaller:profileinstaller:1.3.0] AndroidManifest.xml:41:25-88
102            </intent-filter>
103            <intent-filter>
103-->[androidx.profileinstaller:profileinstaller:1.3.0] AndroidManifest.xml:43:13-45:29
104                <action android:name="androidx.profileinstaller.action.SKIP_FILE" />
104-->[androidx.profileinstaller:profileinstaller:1.3.0] AndroidManifest.xml:44:17-85
104-->[androidx.profileinstaller:profileinstaller:1.3.0] AndroidManifest.xml:44:25-82
105            </intent-filter>
106            <intent-filter>
106-->[androidx.profileinstaller:profileinstaller:1.3.0] AndroidManifest.xml:46:13-48:29
107                <action android:name="androidx.profileinstaller.action.SAVE_PROFILE" />
107-->[androidx.profileinstaller:profileinstaller:1.3.0] AndroidManifest.xml:47:17-88
107-->[androidx.profileinstaller:profileinstaller:1.3.0] AndroidManifest.xml:47:25-85
108            </intent-filter>
109            <intent-filter>
109-->[androidx.profileinstaller:profileinstaller:1.3.0] AndroidManifest.xml:49:13-51:29
110                <action android:name="androidx.profileinstaller.action.BENCHMARK_OPERATION" />
110-->[androidx.profileinstaller:profileinstaller:1.3.0] AndroidManifest.xml:50:17-95
110-->[androidx.profileinstaller:profileinstaller:1.3.0] AndroidManifest.xml:50:25-92
111            </intent-filter>
112        </receiver>
113    </application>
114
115</manifest>